<?xml version="1.0" encoding="UTF-8"?>
<!-- Generated by org.testng.reporters.JUnitReportReporter -->
<testsuite hostname="Prajjwals-MacBook-Air.local" failures="0" tests="1" name="com.automationexercise.tests.Test19ViewCartBrandProducts" time="33.740" errors="0" timestamp="2024-02-24T07:26:04 GMT-05:00" skipped="0">
  <testcase classname="com.automationexercise.tests.Test19ViewCartBrandProducts" name="ViewCartBrandProducts" time="33.740"/>
  <system-out/>
</testsuite> <!-- com.automationexercise.tests.Test19ViewCartBrandProducts -->
