<?xml version="1.0" encoding="UTF-8"?>
<!-- Generated by org.testng.reporters.JUnitReportReporter -->
<testsuite hostname="Prajjwals-MacBook-Air.local" failures="0" tests="1" name="com.automationexercise.tests.Test15PlaceOrderRegisterBeforeCheckout" time="153.803" errors="0" timestamp="2024-02-21T11:47:24 GMT-05:00" skipped="0">
  <testcase classname="com.automationexercise.tests.Test15PlaceOrderRegisterBeforeCheckout" name="PlaceOrderRegisterWhileCheckout" time="153.803"/>
  <system-out/>
</testsuite> <!-- com.automationexercise.tests.Test15PlaceOrderRegisterBeforeCheckout -->
