<?xml version="1.0" encoding="UTF-8"?>
<!-- Generated by org.testng.reporters.JUnitReportReporter -->
<testsuite hostname="Prajjwals-MacBook-Air.local" failures="0" tests="1" name="com.automationexercise.tests.Test23VerifyAddressDetailsInCheckoutPage" time="115.115" errors="0" timestamp="2024-02-23T14:19:05 GMT-05:00" skipped="0">
  <testcase classname="com.automationexercise.tests.Test23VerifyAddressDetailsInCheckoutPage" name="VerifyAddressDetailsInCheckoutPage" time="115.115"/>
  <system-out/>
</testsuite> <!-- com.automationexercise.tests.Test23VerifyAddressDetailsInCheckoutPage -->
