<?xml version="1.0" encoding="UTF-8"?>
<!-- Generated by org.testng.reporters.JUnitReportReporter -->
<testsuite hostname="Prajjwals-MacBook-Air.local" failures="0" tests="1" name="com.automationexercise.tests.Test18ViewCategoryProducts" time="45.451" errors="0" timestamp="2024-02-24T07:17:18 GMT-05:00" skipped="0">
  <testcase classname="com.automationexercise.tests.Test18ViewCategoryProducts" name="ViewCategoryProducts" time="45.451"/>
  <system-out/>
</testsuite> <!-- com.automationexercise.tests.Test18ViewCategoryProducts -->
