<?xml version="1.0" encoding="UTF-8"?>
<!-- Generated by org.testng.reporters.JUnitReportReporter -->
<testsuite hostname="Prajjwals-MacBook-Air.local" failures="0" tests="1" name="com.automationexercise.tests.Test8VerifyAllProductsPage" time="23.234" errors="0" timestamp="2024-02-23T20:45:36 GMT-05:00" skipped="0">
  <testcase classname="com.automationexercise.tests.Test8VerifyAllProductsPage" name="verifyAllProductPage" time="23.234"/>
  <system-out/>
</testsuite> <!-- com.automationexercise.tests.Test8VerifyAllProductsPage -->
