<?xml version="1.0" encoding="UTF-8"?>
<!-- Generated by org.testng.reporters.JUnitReportReporter -->
<testsuite hostname="Prajjwals-MacBook-Air.local" failures="0" tests="1" name="com.automationexercise.tests.Test22AddToCartFromRecommendedItems" time="35.850" errors="0" timestamp="2024-02-22T23:04:22 GMT-05:00" skipped="0">
  <testcase classname="com.automationexercise.tests.Test22AddToCartFromRecommendedItems" name="AddToCartFromRecommendedItems" time="35.850"/>
  <system-out/>
</testsuite> <!-- com.automationexercise.tests.Test22AddToCartFromRecommendedItems -->
