<?xml version="1.0" encoding="UTF-8"?>
<!-- Generated by org.testng.reporters.JUnitReportReporter -->
<testsuite hostname="Prajjwals-MacBook-Air.local" failures="0" tests="1" name="com.automationexercise.tests.Test20SearchProductsandVerifyCartAfterLogin" time="83.057" errors="0" timestamp="2024-02-22T13:49:25 GMT-05:00" skipped="0">
  <testcase classname="com.automationexercise.tests.Test20SearchProductsandVerifyCartAfterLogin" name="SearchProductsandVerifyCartAfterLogin" time="83.057"/>
  <system-out/>
</testsuite> <!-- com.automationexercise.tests.Test20SearchProductsandVerifyCartAfterLogin -->
