<?xml version="1.0" encoding="UTF-8"?>
<!-- Generated by org.testng.reporters.JUnitReportReporter -->
<testsuite hostname="Prajjwals-MacBook-Air.local" failures="0" tests="1" name="com.automationexercise.tests.Test4LogoutUser" time="65.127" errors="0" timestamp="2024-02-20T12:32:15 GMT-05:00" skipped="0">
  <testcase classname="com.automationexercise.tests.Test4LogoutUser" name="TestUserLogOut" time="65.127"/>
  <system-out/>
</testsuite> <!-- com.automationexercise.tests.Test4LogoutUser -->
