<?xml version="1.0" encoding="UTF-8"?>
<!-- Generated by org.testng.reporters.JUnitReportReporter -->
<testsuite hostname="Prajjwals-MacBook-Air.local" failures="0" tests="1" name="com.automationexercise.tests.Test26VerifyScrollUpWithoutArrowButtonAndScrollDownFunctionality" time="22.091" errors="0" timestamp="2024-02-23T20:35:40 GMT-05:00" skipped="0">
  <testcase classname="com.automationexercise.tests.Test26VerifyScrollUpWithoutArrowButtonAndScrollDownFunctionality" name="VerifyScrollUpUsingArrowButtonAndScrollDownFunctionality" time="22.091"/>
  <system-out/>
</testsuite> <!-- com.automationexercise.tests.Test26VerifyScrollUpWithoutArrowButtonAndScrollDownFunctionality -->
