<?xml version="1.0" encoding="UTF-8"?>
<!-- Generated by org.testng.reporters.JUnitReportReporter -->
<testsuite hostname="Prajjwals-MacBook-Air.local" failures="0" tests="1" name="com.automationexercise.tests.Test11VerifySubscriptionInCartPage" time="30.747" errors="0" timestamp="2024-02-23T21:57:51 GMT-05:00" skipped="0">
  <testcase classname="com.automationexercise.tests.Test11VerifySubscriptionInCartPage" name="VerifySubscriptionInCartPage" time="30.747"/>
  <system-out/>
</testsuite> <!-- com.automationexercise.tests.Test11VerifySubscriptionInCartPage -->
