<?xml version="1.0" encoding="UTF-8"?>
<!-- Generated by org.testng.reporters.JUnitReportReporter -->
<testsuite hostname="Prajjwals-MacBook-Air.local" failures="0" tests="1" name="com.automationexercise.tests.Test2LoginUserWithCorrectDetails" time="64.788" errors="0" timestamp="2024-02-20T12:27:50 GMT-05:00" skipped="0">
  <testcase classname="com.automationexercise.tests.Test2LoginUserWithCorrectDetails" name="TestUserUsingIncorrectCorrectDetails" time="64.788"/>
  <system-out/>
</testsuite> <!-- com.automationexercise.tests.Test2LoginUserWithCorrectDetails -->
