<?xml version="1.0" encoding="UTF-8"?>
<!-- Generated by org.testng.reporters.JUnitReportReporter -->
<testsuite hostname="Prajjwals-MacBook-Air.local" failures="0" tests="1" name="com.automationexercise.tests.RegisterUserTest" time="17.815" errors="0" timestamp="2024-02-01T17:02:57 GMT-05:00" skipped="0">
  <testcase classname="com.automationexercise.tests.RegisterUserTest" name="testOneRegisterUser" time="17.815"/>
  <system-out/>
</testsuite> <!-- com.automationexercise.tests.RegisterUserTest -->
