<?xml version="1.0" encoding="UTF-8"?>
<!-- Generated by org.testng.reporters.JUnitReportReporter -->
<testsuite hostname="Prajjwals-MacBook-Air.local" failures="0" tests="1" name="com.automationexercise.tests.Test16PlaceOrderLoginBeforeCheckout" time="111.742" errors="0" timestamp="2024-02-21T12:22:31 GMT-05:00" skipped="0">
  <testcase classname="com.automationexercise.tests.Test16PlaceOrderLoginBeforeCheckout" name="PlaceOrderRegisterWhileCheckout" time="111.742"/>
  <system-out/>
</testsuite> <!-- com.automationexercise.tests.Test16PlaceOrderLoginBeforeCheckout -->
