<?xml version="1.0" encoding="UTF-8"?>
<!-- Generated by org.testng.reporters.JUnitReportReporter -->
<testsuite hostname="Prajjwals-MacBook-Air.local" failures="0" tests="1" name="com.automationexercise.tests.Test6ContactUsForm" time="23.791" errors="0" timestamp="2024-02-20T12:38:26 GMT-05:00" skipped="0">
  <testcase classname="com.automationexercise.tests.Test6ContactUsForm" name="TestcontactUs" time="23.791"/>
  <system-out/>
</testsuite> <!-- com.automationexercise.tests.Test6ContactUsForm -->
