<?xml version="1.0" encoding="UTF-8"?>
<!-- Generated by org.testng.reporters.JUnitReportReporter -->
<testsuite hostname="Prajjwals-MacBook-Air.local" failures="0" tests="1" name="com.automationexercise.tests.Test21AddReviewOnProduct" time="37.416" errors="0" timestamp="2024-02-22T14:35:43 GMT-05:00" skipped="0">
  <testcase classname="com.automationexercise.tests.Test21AddReviewOnProduct" name="AddReviewOnProduct" time="37.416"/>
  <system-out/>
</testsuite> <!-- com.automationexercise.tests.Test21AddReviewOnProduct -->
