<?xml version="1.0" encoding="UTF-8"?>
<!-- Generated by org.testng.reporters.JUnitReportReporter -->
<testsuite hostname="Prajjwals-MacBook-Air.local" failures="0" tests="1" name="com.automationexercise.tests.Test24DownloadInvoiceAfterPurchaseOrder" time="126.307" errors="0" timestamp="2024-02-23T16:38:09 GMT-05:00" skipped="0">
  <testcase classname="com.automationexercise.tests.Test24DownloadInvoiceAfterPurchaseOrder" name="DownloadInvoiceAfterPurchaseOrder" time="126.307"/>
  <system-out/>
</testsuite> <!-- com.automationexercise.tests.Test24DownloadInvoiceAfterPurchaseOrder -->
