<?xml version="1.0" encoding="UTF-8"?>
<!-- Generated by org.testng.reporters.JUnitReportReporter -->
<testsuite hostname="Prajjwals-MacBook-Air.local" failures="0" tests="1" name="com.automationexercise.tests.Test13VerifyProductQuantityInCart" time="39.306" errors="0" timestamp="2024-02-24T06:28:23 GMT-05:00" skipped="0">
  <testcase classname="com.automationexercise.tests.Test13VerifyProductQuantityInCart" name="VerifyProductQuantityInCart" time="39.306"/>
  <system-out/>
</testsuite> <!-- com.automationexercise.tests.Test13VerifyProductQuantityInCart -->
